<?xml version="1.0" encoding="UTF-8"?>
<robot generator="Robot 6.0.2 (Python 3.11.2 on win32)" generated="20230505 11:23:08.984" rpa="false" schemaversion="3">
<suite id="s1" name="Tests" source="C:\Users\aflores\Desktop\Robot FrameWork\FInal-Excercise\tests">
<suite id="s1-s1" name="Mian" source="C:\Users\aflores\Desktop\Robot FrameWork\FInal-Excercise\tests\Mian.robot">
<test id="s1-s1-t1" name="Context Menu" line="50">
<kw name="Begin Web Test" library="Common" type="SETUP">
<doc>This is some basic info about the test</doc>
<kw name="Set Selenium Speed" library="SeleniumLibrary">
<arg>0.5s</arg>
<doc>Sets the delay that is waited after each Selenium command.</doc>
<status status="PASS" starttime="20230505 11:23:09.357" endtime="20230505 11:23:09.357"/>
</kw>
<kw name="Open Browser" library="SeleniumLibrary">
<arg>${URL}</arg>
<arg>${BROWSER}</arg>
<doc>Opens a new browser instance to the optional ``url``.</doc>
<msg timestamp="20230505 11:23:09.358" level="INFO">Opening browser 'chrome' to base url 'https://the-internet.herokuapp.com/'.</msg>
<msg timestamp="20230505 11:23:09.379" level="INFO">Executing: C:\Python311\Lib\site-packages\selenium\webdriver\common\windows\selenium-manager.exe --browser chrome --output json</msg>
<status status="PASS" starttime="20230505 11:23:09.358" endtime="20230505 11:23:12.530"/>
</kw>
<kw name="Maximize Browser Window" library="SeleniumLibrary">
<doc>Maximizes current browser window.</doc>
<status status="PASS" starttime="20230505 11:23:12.530" endtime="20230505 11:23:13.157"/>
</kw>
<kw name="Wait Until Page Contains" library="SeleniumLibrary">
<arg>Welcome to the-internet</arg>
<doc>Waits until ``text`` appears on the current page.</doc>
<status status="PASS" starttime="20230505 11:23:13.157" endtime="20230505 11:23:13.686"/>
</kw>
<status status="PASS" starttime="20230505 11:23:09.357" endtime="20230505 11:23:13.686"/>
</kw>
<kw name="Open Page" library="Context_Menu">
<kw name="Click Link" library="SeleniumLibrary">
<arg>//*[@id="content"]/ul/li[7]/a</arg>
<doc>Clicks a link identified by ``locator``.</doc>
<msg timestamp="20230505 11:23:13.687" level="INFO">Clicking link '//*[@id="content"]/ul/li[7]/a'.</msg>
<status status="PASS" starttime="20230505 11:23:13.686" endtime="20230505 11:23:15.375"/>
</kw>
<status status="PASS" starttime="20230505 11:23:13.686" endtime="20230505 11:23:15.375"/>
</kw>
<kw name="Right Click on the box" library="Context_Menu">
<kw name="Open Context Menu" library="SeleniumLibrary">
<arg>xpath=//*[@id="hot-spot"]</arg>
<doc>Opens the context menu on the element identified by ``locator``.</doc>
<status status="PASS" starttime="20230505 11:23:15.376" endtime="20230505 11:23:16.662"/>
</kw>
<status status="PASS" starttime="20230505 11:23:15.375" endtime="20230505 11:23:16.662"/>
</kw>
<kw name="Validate the text on the alert is equals to “You selected a context menu”" library="Context_Menu">
<kw name="Get Alert Message">
<var>${alert_text}</var>
<msg timestamp="20230505 11:23:16.666" level="FAIL">No keyword with name 'Get Alert Message' found. Did you try using keyword 'RequestsLibrary.GET' and forgot to use enough whitespace between keyword and arguments?</msg>
<status status="FAIL" starttime="20230505 11:23:16.666" endtime="20230505 11:23:16.666"/>
</kw>
<kw name="Should Be Equal As Strings" library="BuiltIn">
<arg>${alert_text}</arg>
<arg>You selected a context menu</arg>
<doc>Fails if objects are unequal after converting them to strings.</doc>
<status status="NOT RUN" starttime="20230505 11:23:16.666" endtime="20230505 11:23:16.666"/>
</kw>
<status status="FAIL" starttime="20230505 11:23:16.662" endtime="20230505 11:23:16.666"/>
</kw>
<kw name="Click on the accept button." library="Context_Menu">
<status status="NOT RUN" starttime="20230505 11:23:16.667" endtime="20230505 11:23:16.667"/>
</kw>
<kw name="Validate that alert was closed." library="Context_Menu">
<status status="NOT RUN" starttime="20230505 11:23:16.667" endtime="20230505 11:23:16.667"/>
</kw>
<kw name="End Web Test" library="Common" type="TEARDOWN">
<kw name="Close Browser" library="SeleniumLibrary">
<doc>Closes the current browser.</doc>
<status status="PASS" starttime="20230505 11:23:16.667" endtime="20230505 11:23:19.304"/>
</kw>
<status status="PASS" starttime="20230505 11:23:16.667" endtime="20230505 11:23:19.304"/>
</kw>
<doc>This a test to verify</doc>
<tag>Test-5</tag>
<status status="FAIL" starttime="20230505 11:23:09.357" endtime="20230505 11:23:19.304">No keyword with name 'Get Alert Message' found. Did you try using keyword 'RequestsLibrary.GET' and forgot to use enough whitespace between keyword and arguments?</status>
</test>
<doc>This is a final excercise in the Robot Framework</doc>
<status status="FAIL" starttime="20230505 11:23:09.008" endtime="20230505 11:23:19.306"/>
</suite>
<status status="FAIL" starttime="20230505 11:23:08.986" endtime="20230505 11:23:19.307"/>
</suite>
<statistics>
<total>
<stat pass="0" fail="1" skip="0">All Tests</stat>
</total>
<tag>
<stat pass="0" fail="1" skip="0">Test-5</stat>
</tag>
<suite>
<stat pass="0" fail="1" skip="0" id="s1" name="Tests">Tests</stat>
<stat pass="0" fail="1" skip="0" id="s1-s1" name="Mian">Tests.Mian</stat>
</suite>
</statistics>
<errors>
<msg timestamp="20230505 11:23:09.355" level="ERROR">Error in file 'C:\Users\aflores\Desktop\Robot FrameWork\FInal-Excercise\Resources\PO\Context_Menu.robot' on line 3: Importing library 'SeleniumLibrary.Dialogs' failed: Module 'SeleniumLibrary' does not contain 'Dialogs'.</msg>
</errors>
</robot>
