<?xml version="1.0" encoding="UTF-8"?>
<robot generator="Robot 6.0.2 (Python 3.11.2 on win32)" generated="20230502 14:54:08.122" rpa="false" schemaversion="3">
<suite id="s1" name="Front Office" source="C:\Users\aflores\Desktop\Robot FrameWork\Robot_Framework_Excercise\tests\Front_Office.robot">
<test id="s1-t1" name="Should be able to access &quot;Team&quot; page" line="18">
<kw name="Begin Web Test" library="CommonWeb" type="SETUP">
<kw name="Open Browser" library="SeleniumLibrary">
<arg>about:blank</arg>
<arg>${BROWSER}</arg>
<doc>Opens a new browser instance to the optional ``url``.</doc>
<msg timestamp="20230502 14:54:08.402" level="INFO">Opening browser 'chrome' to base url 'about:blank'.</msg>
<msg timestamp="20230502 14:54:08.422" level="INFO">Executing: C:\Python311\Lib\site-packages\selenium\webdriver\common\windows\selenium-manager.exe --browser chrome --output json</msg>
<status status="PASS" starttime="20230502 14:54:08.402" endtime="20230502 14:54:09.959"/>
</kw>
<status status="PASS" starttime="20230502 14:54:08.402" endtime="20230502 14:54:09.959"/>
</kw>
<kw name="Go to Landing Page" library="FrontOfficeApp">
<kw name="Navigate To" library="Landing">
<kw name="Go To" library="SeleniumLibrary">
<arg>${URL}</arg>
<doc>Navigates the current browser window to the provided ``url``.</doc>
<msg timestamp="20230502 14:54:09.961" level="INFO">Opening url 'https://automationplayground.com/front-office/'</msg>
<status status="PASS" starttime="20230502 14:54:09.961" endtime="20230502 14:54:11.465"/>
</kw>
<status status="PASS" starttime="20230502 14:54:09.961" endtime="20230502 14:54:11.465"/>
</kw>
<kw name="Verify Page Loaded" library="Landing">
<kw name="Wait Until Page Contains Element" library="SeleniumLibrary">
<arg>${LANDING_NAVIGATION_ELEMENT}</arg>
<doc>Waits until the element ``locator`` appears on the current page.</doc>
<status status="PASS" starttime="20230502 14:54:11.466" endtime="20230502 14:54:11.478"/>
</kw>
<status status="PASS" starttime="20230502 14:54:11.465" endtime="20230502 14:54:11.478"/>
</kw>
<status status="PASS" starttime="20230502 14:54:09.959" endtime="20230502 14:54:11.478"/>
</kw>
<kw name="Go to Landing Page" library="FrontOfficeApp">
<kw name="Navigate To" library="Landing">
<kw name="Go To" library="SeleniumLibrary">
<arg>${URL}</arg>
<doc>Navigates the current browser window to the provided ``url``.</doc>
<msg timestamp="20230502 14:54:11.479" level="INFO">Opening url 'https://automationplayground.com/front-office/'</msg>
<status status="PASS" starttime="20230502 14:54:11.479" endtime="20230502 14:54:12.138"/>
</kw>
<status status="PASS" starttime="20230502 14:54:11.479" endtime="20230502 14:54:12.138"/>
</kw>
<kw name="Verify Page Loaded" library="Landing">
<kw name="Wait Until Page Contains Element" library="SeleniumLibrary">
<arg>${LANDING_NAVIGATION_ELEMENT}</arg>
<doc>Waits until the element ``locator`` appears on the current page.</doc>
<status status="PASS" starttime="20230502 14:54:12.139" endtime="20230502 14:54:12.146"/>
</kw>
<status status="PASS" starttime="20230502 14:54:12.139" endtime="20230502 14:54:12.146"/>
</kw>
<status status="PASS" starttime="20230502 14:54:11.479" endtime="20230502 14:54:12.146"/>
</kw>
<kw name="End Web Test" library="CommonWeb" type="TEARDOWN">
<kw name="Close All Browsers" library="SeleniumLibrary">
<doc>Closes all open browsers and resets the browser cache.</doc>
<status status="PASS" starttime="20230502 14:54:12.147" endtime="20230502 14:54:18.632"/>
</kw>
<status status="PASS" starttime="20230502 14:54:12.147" endtime="20230502 14:54:18.632"/>
</kw>
<doc>This is test 1</doc>
<tag>test1</tag>
<status status="PASS" starttime="20230502 14:54:08.401" endtime="20230502 14:54:18.634"/>
</test>
<test id="s1-t2" name="&quot;Team&quot; page should match requirements" line="27">
<kw name="Begin Web Test" library="CommonWeb" type="SETUP">
<kw name="Open Browser" library="SeleniumLibrary">
<arg>about:blank</arg>
<arg>${BROWSER}</arg>
<doc>Opens a new browser instance to the optional ``url``.</doc>
<msg timestamp="20230502 14:54:18.642" level="INFO">Opening browser 'chrome' to base url 'about:blank'.</msg>
<msg timestamp="20230502 14:54:18.661" level="INFO">Executing: C:\Python311\Lib\site-packages\selenium\webdriver\common\windows\selenium-manager.exe --browser chrome --output json</msg>
<status status="PASS" starttime="20230502 14:54:18.641" endtime="20230502 14:54:20.106"/>
</kw>
<status status="PASS" starttime="20230502 14:54:18.640" endtime="20230502 14:54:20.106"/>
</kw>
<kw name="Go to Landing Page" library="FrontOfficeApp">
<kw name="Navigate To" library="Landing">
<kw name="Go To" library="SeleniumLibrary">
<arg>${URL}</arg>
<doc>Navigates the current browser window to the provided ``url``.</doc>
<msg timestamp="20230502 14:54:20.108" level="INFO">Opening url 'https://automationplayground.com/front-office/'</msg>
<status status="PASS" starttime="20230502 14:54:20.107" endtime="20230502 14:54:21.597"/>
</kw>
<status status="PASS" starttime="20230502 14:54:20.107" endtime="20230502 14:54:21.597"/>
</kw>
<kw name="Verify Page Loaded" library="Landing">
<kw name="Wait Until Page Contains Element" library="SeleniumLibrary">
<arg>${LANDING_NAVIGATION_ELEMENT}</arg>
<doc>Waits until the element ``locator`` appears on the current page.</doc>
<status status="PASS" starttime="20230502 14:54:21.598" endtime="20230502 14:54:21.613"/>
</kw>
<status status="PASS" starttime="20230502 14:54:21.597" endtime="20230502 14:54:21.613"/>
</kw>
<status status="PASS" starttime="20230502 14:54:20.107" endtime="20230502 14:54:21.613"/>
</kw>
<kw name="Go to &quot;Team&quot; Page" library="FrontOfficeApp">
<kw name="Select &quot;Team&quot; Page" library="TopNav">
<kw name="Click Link" library="SeleniumLibrary">
<arg>${TOP_NAV_TEAM_LINK}</arg>
<doc>Clicks a link identified by ``locator``.</doc>
<msg timestamp="20230502 14:54:21.615" level="INFO">Clicking link 'Team'.</msg>
<status status="PASS" starttime="20230502 14:54:21.614" endtime="20230502 14:54:21.657"/>
</kw>
<kw name="Sleep" library="BuiltIn">
<arg>3s</arg>
<doc>Pauses the test executed for the given time.</doc>
<msg timestamp="20230502 14:54:24.658" level="INFO">Slept 3 seconds</msg>
<status status="PASS" starttime="20230502 14:54:21.658" endtime="20230502 14:54:24.658"/>
</kw>
<status status="PASS" starttime="20230502 14:54:21.614" endtime="20230502 14:54:24.658"/>
</kw>
<status status="PASS" starttime="20230502 14:54:21.614" endtime="20230502 14:54:24.658"/>
</kw>
<kw name="End Web Test" library="CommonWeb" type="TEARDOWN">
<kw name="Close All Browsers" library="SeleniumLibrary">
<doc>Closes all open browsers and resets the browser cache.</doc>
<status status="PASS" starttime="20230502 14:54:24.659" endtime="20230502 14:54:31.156"/>
</kw>
<status status="PASS" starttime="20230502 14:54:24.659" endtime="20230502 14:54:31.156"/>
</kw>
<doc>This is test 2</doc>
<tag>test2</tag>
<status status="PASS" starttime="20230502 14:54:18.638" endtime="20230502 14:54:31.157"/>
</test>
<doc>Talk about what this suite of tests does</doc>
<status status="PASS" starttime="20230502 14:54:08.123" endtime="20230502 14:54:31.158"/>
</suite>
<statistics>
<total>
<stat pass="2" fail="0" skip="0">All Tests</stat>
</total>
<tag>
<stat pass="1" fail="0" skip="0">test1</stat>
<stat pass="1" fail="0" skip="0">test2</stat>
</tag>
<suite>
<stat pass="2" fail="0" skip="0" id="s1" name="Front Office">Front Office</stat>
</suite>
</statistics>
<errors>
</errors>
</robot>
